<?xml version="1.0" encoding="UTF-8"?>
<!-- Generated by org.testng.reporters.JUnitXMLReporter -->
<testsuite hostname="Windows10-PC" ignored="1" name="Default test" tests="2" failures="0" timestamp="2022-01-20T22:40:53 IST" time="42.84" errors="0">
  <testcase name="park" time="42.504" classname="com.start.testNG.Annot"/>
  <testcase name="zoo" time="0.002" classname="com.start.testNG.Annot"/>
  <testcase name="message" time="0.0" classname="com.start.testNG.Annot">
    <ignored/>
  </testcase> <!-- message -->
</testsuite> <!-- Default test -->
