<?xml version="1.0" encoding="UTF-8"?>
<testng-results skipped="0" failed="0" ignored="1" total="3" passed="2">
  <reporter-output>
  </reporter-output>
  <suite name="Default suite" duration-ms="42840" started-at="2022-01-20T22:40:10 IST" finished-at="2022-01-20T22:40:52 IST">
    <groups>
    </groups>
    <test name="Default test" duration-ms="42840" started-at="2022-01-20T22:40:10 IST" finished-at="2022-01-20T22:40:52 IST">
      <class name="com.start.testNG.Annot">
        <test-method status="PASS" signature="park()[pri:0, instance:com.start.testNG.Annot@144fc21]" name="park" duration-ms="42504" started-at="2022-01-20T22:40:10 IST" finished-at="2022-01-20T22:40:52 IST">
          <reporter-output>
          </reporter-output>
        </test-method> <!-- park -->
        <test-method status="PASS" signature="zoo()[pri:0, instance:com.start.testNG.Annot@144fc21]" name="zoo" duration-ms="2" started-at="2022-01-20T22:40:52 IST" finished-at="2022-01-20T22:40:52 IST">
          <reporter-output>
          </reporter-output>
        </test-method> <!-- zoo -->
      </class> <!-- com.start.testNG.Annot -->
    </test> <!-- Default test -->
  </suite> <!-- Default suite -->
</testng-results>
