<?xml version="1.0" encoding="UTF-8"?>
<!-- Generated by org.testng.reporters.JUnitXMLReporter -->
<testsuite hostname="Windows7-PC" ignored="7" name="Test" tests="1" failures="1" timestamp="2022-01-03T14:48:44 IST" time="34.572" errors="0">
  <testcase name="AddFilesDisplayed" time="0.012" classname="com.again.soft.FileUpload">
    <failure type="java.lang.NullPointerException">
      <![CDATA[java.lang.NullPointerException
at org.openqa.selenium.support.pagefactory.DefaultElementLocator.findElement(DefaultElementLocator.java:69)
at org.openqa.selenium.support.pagefactory.internal.LocatingElementHandler.invoke(LocatingElementHandler.java:38)
at com.sun.proxy.$Proxy8.click(Unknown Source)
at com.again.soft.FileUploadPage.image(FileUploadPage.java:22)
at com.again.soft.FileUpload.AddFilesDisplayed(FileUpload.java:20)
at java.util.ArrayList.forEach(Unknown Source)
... Removed 27 stack frames]]>
    </failure>
  </testcase> <!-- AddFilesDisplayed -->
  <testcase name="heightTest" time="0.0" classname="com.again.soft.WebTable">
    <ignored/>
  </testcase> <!-- heightTest -->
  <testcase name="structuralValues" time="0.0" classname="com.again.soft.WebTable">
    <ignored/>
  </testcase> <!-- structuralValues -->
  <testcase name="sample" time="0.0" classname="com.again.soft.WebTable">
    <ignored/>
  </testcase> <!-- sample -->
  <testcase name="message" time="0.0" classname="com.start.testNG.Annot">
    <ignored/>
  </testcase> <!-- message -->
  <testcase name="park" time="0.0" classname="com.start.testNG.Annot">
    <ignored/>
  </testcase> <!-- park -->
  <testcase name="lastrowcolTest" time="0.0" classname="com.again.soft.WebTable">
    <ignored/>
  </testcase> <!-- lastrowcolTest -->
  <testcase name="zoo" time="0.0" classname="com.start.testNG.Annot">
    <ignored/>
  </testcase> <!-- zoo -->
</testsuite> <!-- Test -->
