<?xml version="1.0" encoding="UTF-8"?>
<!-- Generated by org.testng.reporters.JUnitXMLReporter -->
<testsuite hostname="Windows7-PC" ignored="2" name="Test(failed)(failed)" tests="1" failures="0" timestamp="2021-12-30T23:28:13 IST" time="31.944" errors="0">
  <testcase name="structuralValues" time="0.317" classname="com.again.soft.WebTable"/>
  <testcase name="sample" time="0.0" classname="com.again.soft.WebTable">
    <ignored/>
  </testcase> <!-- sample -->
  <testcase name="lastrowcolTest" time="0.0" classname="com.again.soft.WebTable">
    <ignored/>
  </testcase> <!-- lastrowcolTest -->
</testsuite> <!-- Test(failed)(failed) -->
